<?xml version="1.0" encoding="UTF-8"?>
<!-- Generated by org.testng.reporters.JUnitXMLReporter -->
<testsuite hostname="Deepaks-MacBook-Pro.local" ignored="1" name="Test" tests="9" failures="1" timestamp="2020-04-10T18:17:18 EDT" time="57.396" errors="0">
  <testcase name="test1" time="19.206" classname="automationFramework.NewTest"/>
  <testcase name="test3" time="0.0" classname="automationFramework.RandomTest"/>
  <testcase name="test4" time="0.001" classname="automationFramework.RandomTest"/>
  <testcase name="test1" time="0.001" classname="automationFramework.RandomTest"/>
  <testcase name="test2" time="11.367" classname="automationFramework.NewTest"/>
  <testcase name="test3" time="10.374" classname="automationFramework.NewTest"/>
  <testcase name="test5" time="0.001" classname="automationFramework.RandomTest"/>
  <testcase name="test4" time="5.597" classname="automationFramework.NewTest"/>
  <testcase name="test5" time="0.063" classname="automationFramework.NewTest">
    <failure type="org.openqa.selenium.ElementNotInteractableException" message="element not interactable
  (Session info: chrome=80.0.3987.163)
Build info: version: &amp;apos;3.141.59&amp;apos;, revision: &amp;apos;e82be7d358&amp;apos;, time: &amp;apos;2018-11-14T08:17:03&amp;apos;
System info: host: &amp;apos;Deepaks-MacBook-Pro.local&amp;apos;, ip: &amp;apos;fe80:0:0:0:c5f:19f1:1e96:6a5c%en0&amp;apos;, os.name: &amp;apos;Mac OS X&amp;apos;, os.arch: &amp;apos;x86_64&amp;apos;, os.version: &amp;apos;10.15.3&amp;apos;, java.version: &amp;apos;1.8.0_222&amp;apos;
Driver info: org.openqa.selenium.chrome.ChromeDriver
Capabilities {acceptInsecureCerts: false, browserName: chrome, browserVersion: 80.0.3987.163, chrome: {chromedriverVersion: 80.0.3987.106 (f68069574609..., userDataDir: /var/folders/gm/kglj3w3s1z5...}, goog:chromeOptions: {debuggerAddress: localhost:63448}, javascriptEnabled: true, networkConnectionEnabled: false, pageLoadStrategy: normal, platform: MAC, platformName: MAC, proxy: Proxy(), setWindowRect: true, strictFileInteractability: false, timeouts: {implicit: 0, pageLoad: 300000, script: 30000}, unhandledPromptBehavior: dismiss and notify}
Session ID: 4f674d3b2fa8726fd90b9ddb2b2d2ce0">
      <![CDATA[org.openqa.selenium.ElementNotInteractableException: element not interactable
  (Session info: chrome=80.0.3987.163)
Build info: version: '3.141.59', revision: 'e82be7d358', time: '2018-11-14T08:17:03'
System info: host: 'Deepaks-MacBook-Pro.local', ip: 'fe80:0:0:0:c5f:19f1:1e96:6a5c%en0', os.name: 'Mac OS X', os.arch: 'x86_64', os.version: '10.15.3', java.version: '1.8.0_222'
Driver info: org.openqa.selenium.chrome.ChromeDriver
Capabilities {acceptInsecureCerts: false, browserName: chrome, browserVersion: 80.0.3987.163, chrome: {chromedriverVersion: 80.0.3987.106 (f68069574609..., userDataDir: /var/folders/gm/kglj3w3s1z5...}, goog:chromeOptions: {debuggerAddress: localhost:63448}, javascriptEnabled: true, networkConnectionEnabled: false, pageLoadStrategy: normal, platform: MAC, platformName: MAC, proxy: Proxy(), setWindowRect: true, strictFileInteractability: false, timeouts: {implicit: 0, pageLoad: 300000, script: 30000}, unhandledPromptBehavior: dismiss and notify}
Session ID: 4f674d3b2fa8726fd90b9ddb2b2d2ce0
at org.openqa.selenium.remote.http.W3CHttpResponseCodec.createException(W3CHttpResponseCodec.java:187)
at org.openqa.selenium.remote.http.W3CHttpResponseCodec.decode(W3CHttpResponseCodec.java:122)
at org.openqa.selenium.remote.http.W3CHttpResponseCodec.decode(W3CHttpResponseCodec.java:49)
at org.openqa.selenium.remote.HttpCommandExecutor.execute(HttpCommandExecutor.java:158)
at org.openqa.selenium.remote.service.DriverCommandExecutor.execute(DriverCommandExecutor.java:83)
at org.openqa.selenium.remote.RemoteWebDriver.execute(RemoteWebDriver.java:552)
at org.openqa.selenium.remote.RemoteWebElement.execute(RemoteWebElement.java:285)
at org.openqa.selenium.remote.RemoteWebElement.sendKeys(RemoteWebElement.java:106)
at pages.Signature.enterVerificationCode(Signature.java:35)
at automationFramework.NewTest.test5(NewTest.java:112)
at java.util.ArrayList.forEach(ArrayList.java:1257)
at java.util.concurrent.FutureTask.run(FutureTask.java:266)
at java.util.concurrent.ThreadPoolExecutor.runWorker(ThreadPoolExecutor.java:1149)
at java.util.concurrent.ThreadPoolExecutor$Worker.run(ThreadPoolExecutor.java:624)
at java.lang.Thread.run(Thread.java:748)
... Removed 22 stack frames]]>
    </failure>
  </testcase> <!-- test5 -->
  <testcase name="test2" time="0.0" classname="automationFramework.RandomTest">
    <ignored/>
  </testcase> <!-- test2 -->
</testsuite> <!-- Test -->
